<?xml version="1.0" encoding="UTF-8"?>
<!-- Generated by org.testng.reporters.JUnitXMLReporter -->
<testsuite hostname="Pravin-PC" ignored="0" name="Test" tests="3" failures="0" timestamp="07 Apr 2019 07:46:22 GMT" time="66.349" errors="0">
  <testcase name="Create" time="4.102" classname="week5.day2.Createleadusingexcel"/>
  <testcase name="Create" time="4.387" classname="week5.day2.Createleadusingexcel"/>
  <testcase name="Create" time="4.223" classname="week5.day2.Createleadusingexcel"/>
</testsuite> <!-- Test -->
