<?xml version="1.0" encoding="UTF-8"?>
<testng-results skipped="0" failed="0" ignored="0" total="1" passed="1">
  <reporter-output>
  </reporter-output>
  <suite name="Default suite" duration-ms="11472" started-at="2019-04-13T07:37:21Z" finished-at="2019-04-13T07:37:32Z">
    <groups>
      <group name="cucumber">
        <method signature="AbstractTestNGCucumberTests.runScenario(cucumber.api.testng.PickleEventWrapper, cucumber.api.testng.CucumberFeatureWrapper)[pri:0, instance:runner.Runtest@159c4b8]" name="runScenario" class="cucumber.api.testng.AbstractTestNGCucumberTests"/>
      </group> <!-- cucumber -->
    </groups>
    <test name="Default test" duration-ms="11472" started-at="2019-04-13T07:37:21Z" finished-at="2019-04-13T07:37:32Z">
      <class name="runner.Runtest">
        <test-method status="PASS" signature="setUpClass()[pri:0, instance:runner.Runtest@159c4b8]" name="setUpClass" is-config="true" duration-ms="156" started-at="2019-04-13T07:37:21Z" finished-at="2019-04-13T07:37:21Z">
          <reporter-output>
          </reporter-output>
        </test-method> <!-- setUpClass -->
        <test-method status="PASS" signature="runScenario(cucumber.api.testng.PickleEventWrapper, cucumber.api.testng.CucumberFeatureWrapper)[pri:0, instance:runner.Runtest@159c4b8]" name="runScenario" duration-ms="11224" started-at="2019-04-13T07:37:21Z" description="Runs Cucumber Scenarios" data-provider="scenarios" finished-at="2019-04-13T07:37:32Z">
          <params>
            <param index="0">
              <value>
                <![CDATA["Positive Flow For Createlead"]]>
              </value>
            </param>
            <param index="1">
              <value>
                <![CDATA["Leaftaps CreateLead"]]>
              </value>
            </param>
          </params>
          <reporter-output>
          </reporter-output>
        </test-method> <!-- runScenario -->
        <test-method status="PASS" signature="tearDownClass()[pri:0, instance:runner.Runtest@159c4b8]" name="tearDownClass" is-config="true" duration-ms="7" started-at="2019-04-13T07:37:32Z" finished-at="2019-04-13T07:37:32Z">
          <reporter-output>
          </reporter-output>
        </test-method> <!-- tearDownClass -->
      </class> <!-- runner.Runtest -->
    </test> <!-- Default test -->
  </suite> <!-- Default suite -->
</testng-results>
